[egg-scripts] Starting egg application at /Users/zhanggang/Documents/Github/share
[egg-scripts] Run node --no-deprecation --trace-warnings /Users/zhanggang/Documents/Github/share/node_modules/egg-scripts/lib/start-cluster {"port":7001,"workers":4,"baseDir":"/Users/zhanggang/Documents/Github/share","framework":"/Users/zhanggang/Documents/Github/share/node_modules/egg","title":"egg-server-egg-react-webpack-mpa-boilerplate"} --title=egg-server-egg-react-webpack-mpa-boilerplate
2024-11-28 20:03:51,499 INFO 17827 [master] =================== egg start =====================
2024-11-28 20:03:51,499 INFO 17827 [master] node version v18.17.0
2024-11-28 20:03:51,500 INFO 17827 [master] egg version 2.37.0
2024-11-28 20:03:51,500 INFO 17827 [master] start with options:
{
  "framework": "/Users/zhanggang/Documents/Github/share/node_modules/egg",
  "baseDir": "/Users/zhanggang/Documents/Github/share",
  "port": 7001,
  "workers": 4,
  "plugins": null,
  "https": false,
  "title": "egg-server-egg-react-webpack-mpa-boilerplate"
}
2024-11-28 20:03:51,500 INFO 17827 [master] start with env: isProduction: true, EGG_SERVER_ENV: undefined, NODE_ENV: production
2024-11-28 20:03:51,502 INFO 17827 [master] agent_worker#1:17828 start with clusterPort:63736
2024-11-28 20:03:51,642 INFO 17828 Plugin development is disabled by env unmatched, require env([ 'local' ]) but got env is prod
2024-11-28 20:03:51,651 INFO 17828 [egg:core] App root: /Users/zhanggang/Documents/Github/share
2024-11-28 20:03:51,651 INFO 17828 [egg:core] All *.log files save on "/Users/zhanggang/Documents/Github/share/logs"
2024-11-28 20:03:51,651 INFO 17828 [egg:core] Loaded enabled plugin [{"enable":true,"package":"egg-session","name":"session","dependencies":[],"optionalDependencies":[],"env":[],"from":"/Users/zhanggang/Documents/Github/share/node_modules/egg/config/plugin.js","path":"/Users/zhanggang/Documents/Github/share/node_modules/egg-session","version":"3.3.0"},{"enable":true,"package":"egg-security","name":"security","dependencies":[],"optionalDependencies":["session"],"env":[],"from":"/Users/zhanggang/Documents/Github/share/node_modules/egg/config/plugin.js","path":"/Users/zhanggang/Documents/Github/share/node_modules/egg-security","version":"2.11.0","dependents":["nunjucks"]},{"enable":true,"package":"egg-jsonp","name":"jsonp","dependencies":[],"optionalDependencies":["security"],"env":[],"from":"/Users/zhanggang/Documents/Github/share/node_modules/egg/config/plugin.js","path":"/Users/zhanggang/Documents/Github/share/node_modules/egg-jsonp","version":"2.0.0"},{"enable":true,"package":"egg-onerror","name":"onerror","dependencies":[],"optionalDependencies":["jsonp"],"env":[],"from":"/Users/zhanggang/Documents/Github/share/node_modules/egg/config/plugin.js","path":"/Users/zhanggang/Documents/Github/share/node_modules/egg-onerror","version":"2.4.0"},{"enable":true,"package":"egg-i18n","name":"i18n","dependencies":[],"optionalDependencies":[],"env":[],"from":"/Users/zhanggang/Documents/Github/share/node_modules/egg/config/plugin.js","path":"/Users/zhanggang/Documents/Github/share/node_modules/egg-i18n","version":"2.1.1"},{"enable":true,"package":"egg-watcher","name":"watcher","dependencies":[],"optionalDependencies":[],"env":[],"from":"/Users/zhanggang/Documents/Github/share/node_modules/egg/config/plugin.js","path":"/Users/zhanggang/Documents/Github/share/node_modules/egg-watcher","version":"3.1.1"},{"enable":true,"package":"egg-schedule","name":"schedule","dependencies":[],"optionalDependencies":[],"env":[],"from":"/Users/zhanggang/Documents/Github/share/node_modules/egg/config/plugin.js","path":"/Users/zhanggang/Documents/Github/share/node_modules/egg-schedule","version":"3.7.0","dependents":["logrotator"]},{"enable":true,"package":"egg-multipart","name":"multipart","dependencies":[],"optionalDependencies":["schedule"],"env":[],"from":"/Users/zhanggang/Documents/Github/share/node_modules/egg/config/plugin.js","path":"/Users/zhanggang/Documents/Github/share/node_modules/egg-multipart","version":"2.13.1"},{"enable":true,"package":"egg-logrotator","name":"logrotator","dependencies":["schedule"],"optionalDependencies":[],"env":[],"from":"/Users/zhanggang/Documents/Github/share/node_modules/egg/config/plugin.js","path":"/Users/zhanggang/Documents/Github/share/node_modules/egg-logrotator","version":"3.2.0"},{"enable":true,"package":"egg-static","name":"static","dependencies":[],"optionalDependencies":[],"env":[],"from":"/Users/zhanggang/Documents/Github/share/config/plugin.js","path":"/Users/zhanggang/Documents/Github/share/node_modules/egg-static","version":"2.3.1"},{"enable":true,"package":"egg-view","name":"view","dependencies":[],"optionalDependencies":[],"env":[],"from":"/Users/zhanggang/Documents/Github/share/node_modules/egg/config/plugin.js","path":"/Users/zhanggang/Documents/Github/share/node_modules/egg-view","version":"2.1.4","dependents":["nunjucks"]},{"enable":true,"package":"egg-view-react-ssr","name":"reactssr","dependencies":[],"optionalDependencies":[],"env":[],"from":"/Users/zhanggang/Documents/Github/share/config/plugin.js","path":"/Users/zhanggang/Documents/Github/share/node_modules/egg-view-react-ssr","version":"3.1.0"},{"enable":true,"package":"egg-view-nunjucks","name":"nunjucks","dependencies":["security","view"],"optionalDependencies":[],"env":[],"from":"/Users/zhanggang/Documents/Github/share/config/plugin.js","path":"/Users/zhanggang/Documents/Github/share/node_modules/egg-view-nunjucks","version":"2.3.0"},{"enable":true,"package":"egg-sequelize","name":"sequelize","dependencies":[],"optionalDependencies":[],"env":[],"from":"/Users/zhanggang/Documents/Github/share/config/plugin.js","path":"/Users/zhanggang/Documents/Github/share/node_modules/egg-sequelize","version":"6.0.0"},{"enable":true,"package":"egg-jwt","name":"jwt","dependencies":[],"optionalDependencies":["onerror"],"env":[],"from":"/Users/zhanggang/Documents/Github/share/config/plugin.js","path":"/Users/zhanggang/Documents/Github/share/node_modules/egg-jwt","version":"3.1.7"},{"enable":true,"package":"egg-redis","name":"redis","dependencies":[],"optionalDependencies":[],"env":[],"from":"/Users/zhanggang/Documents/Github/share/config/plugin.js","path":"/Users/zhanggang/Documents/Github/share/node_modules/egg-redis","version":"2.6.0"}]
2024-11-28 20:03:51,690 INFO 17828 [egg:logger] init all loggers with options: {"dir":"/Users/zhanggang/Documents/Github/share/logs","encoding":"utf8","env":"prod","level":"INFO","consoleLevel":"DEBUG","disableConsoleAfterReady":true,"outputJSON":false,"buffer":true,"appLogName":"egg-react-webpack-mpa-boilerplate-web.log","coreLogName":"egg-web.log","agentLogName":"egg-agent.log","errorLogName":"common-error.log","coreLogger":{},"allowDebugAtProd":false,"enablePerformanceTimer":false,"type":"agent"}
2024-11-28 20:03:51,801 INFO 17828 [egg:core] dump config after load, 2ms
2024-11-28 20:03:51,812 INFO 17828 [egg-watcher:agent] watcher start success
2024-11-28 20:03:51,813 INFO 17828 [egg:core:ready_stat] end ready task /Users/zhanggang/Documents/Github/share/node_modules/egg-schedule/agent.js:12:9, remain ["/Users/zhanggang/Documents/Github/share/node_modules/egg-watcher/lib/init.js:15:14","/Users/zhanggang/Documents/Github/share/node_modules/egg-sequelize/lib/loader.js:39:7"]
2024-11-28 20:03:51,813 WARN 17828 [egg-watcher] defaultEventSource watcher will NOT take effect
2024-11-28 20:03:51,813 INFO 17828 [egg:core:ready_stat] end ready task /Users/zhanggang/Documents/Github/share/node_modules/egg-watcher/lib/init.js:15:14, remain ["/Users/zhanggang/Documents/Github/share/node_modules/egg-sequelize/lib/loader.js:39:7"]
2024-11-28 20:03:51,828 INFO 17828 [egg-sequelize](1ms) Executed (default): SELECT 1+1 AS result
2024-11-28 20:03:51,828 INFO 17828 [egg:core:ready_stat] end ready task /Users/zhanggang/Documents/Github/share/node_modules/egg-sequelize/lib/loader.js:39:7, remain []
2024-11-28 20:03:51,829 INFO 17827 [master] agent_worker#1:17828 started (328ms)
2024-11-28 20:03:51,829 INFO 17827 [master] start appWorker with args ["{\"framework\":\"/Users/zhanggang/Documents/Github/share/node_modules/egg\",\"baseDir\":\"/Users/zhanggang/Documents/Github/share\",\"port\":7001,\"workers\":4,\"plugins\":null,\"https\":false,\"title\":\"egg-server-egg-react-webpack-mpa-boilerplate\",\"clusterPort\":63736}"]
2024-11-28 20:03:51,834 INFO 17827 [master] app_worker#1:17829 start, state: none, current workers: ["1","2","3","4"]
2024-11-28 20:03:51,834 INFO 17827 [master] app_worker#2:17830 start, state: none, current workers: ["1","2","3","4"]
2024-11-28 20:03:51,834 INFO 17827 [master] app_worker#3:17831 start, state: none, current workers: ["1","2","3","4"]
2024-11-28 20:03:51,834 INFO 17827 [master] app_worker#4:17832 start, state: none, current workers: ["1","2","3","4"]
2024-11-28 20:03:52,044 INFO 17829 Plugin development is disabled by env unmatched, require env([ 'local' ]) but got env is prod
2024-11-28 20:03:52,044 INFO 17832 Plugin development is disabled by env unmatched, require env([ 'local' ]) but got env is prod
2024-11-28 20:03:52,044 INFO 17831 Plugin development is disabled by env unmatched, require env([ 'local' ]) but got env is prod
2024-11-28 20:03:52,048 INFO 17830 Plugin development is disabled by env unmatched, require env([ 'local' ]) but got env is prod
2024-11-28 20:03:52,052 INFO 17832 [egg:core] App root: /Users/zhanggang/Documents/Github/share
2024-11-28 20:03:52,053 INFO 17832 [egg:core] All *.log files save on "/Users/zhanggang/Documents/Github/share/logs"
2024-11-28 20:03:52,053 INFO 17832 [egg:core] Loaded enabled plugin [{"enable":true,"package":"egg-session","name":"session","dependencies":[],"optionalDependencies":[],"env":[],"from":"/Users/zhanggang/Documents/Github/share/node_modules/egg/config/plugin.js","path":"/Users/zhanggang/Documents/Github/share/node_modules/egg-session","version":"3.3.0"},{"enable":true,"package":"egg-security","name":"security","dependencies":[],"optionalDependencies":["session"],"env":[],"from":"/Users/zhanggang/Documents/Github/share/node_modules/egg/config/plugin.js","path":"/Users/zhanggang/Documents/Github/share/node_modules/egg-security","version":"2.11.0","dependents":["nunjucks"]},{"enable":true,"package":"egg-jsonp","name":"jsonp","dependencies":[],"optionalDependencies":["security"],"env":[],"from":"/Users/zhanggang/Documents/Github/share/node_modules/egg/config/plugin.js","path":"/Users/zhanggang/Documents/Github/share/node_modules/egg-jsonp","version":"2.0.0"},{"enable":true,"package":"egg-onerror","name":"onerror","dependencies":[],"optionalDependencies":["jsonp"],"env":[],"from":"/Users/zhanggang/Documents/Github/share/node_modules/egg/config/plugin.js","path":"/Users/zhanggang/Documents/Github/share/node_modules/egg-onerror","version":"2.4.0"},{"enable":true,"package":"egg-i18n","name":"i18n","dependencies":[],"optionalDependencies":[],"env":[],"from":"/Users/zhanggang/Documents/Github/share/node_modules/egg/config/plugin.js","path":"/Users/zhanggang/Documents/Github/share/node_modules/egg-i18n","version":"2.1.1"},{"enable":true,"package":"egg-watcher","name":"watcher","dependencies":[],"optionalDependencies":[],"env":[],"from":"/Users/zhanggang/Documents/Github/share/node_modules/egg/config/plugin.js","path":"/Users/zhanggang/Documents/Github/share/node_modules/egg-watcher","version":"3.1.1"},{"enable":true,"package":"egg-schedule","name":"schedule","dependencies":[],"optionalDependencies":[],"env":[],"from":"/Users/zhanggang/Documents/Github/share/node_modules/egg/config/plugin.js","path":"/Users/zhanggang/Documents/Github/share/node_modules/egg-schedule","version":"3.7.0","dependents":["logrotator"]},{"enable":true,"package":"egg-multipart","name":"multipart","dependencies":[],"optionalDependencies":["schedule"],"env":[],"from":"/Users/zhanggang/Documents/Github/share/node_modules/egg/config/plugin.js","path":"/Users/zhanggang/Documents/Github/share/node_modules/egg-multipart","version":"2.13.1"},{"enable":true,"package":"egg-logrotator","name":"logrotator","dependencies":["schedule"],"optionalDependencies":[],"env":[],"from":"/Users/zhanggang/Documents/Github/share/node_modules/egg/config/plugin.js","path":"/Users/zhanggang/Documents/Github/share/node_modules/egg-logrotator","version":"3.2.0"},{"enable":true,"package":"egg-static","name":"static","dependencies":[],"optionalDependencies":[],"env":[],"from":"/Users/zhanggang/Documents/Github/share/config/plugin.js","path":"/Users/zhanggang/Documents/Github/share/node_modules/egg-static","version":"2.3.1"},{"enable":true,"package":"egg-view","name":"view","dependencies":[],"optionalDependencies":[],"env":[],"from":"/Users/zhanggang/Documents/Github/share/node_modules/egg/config/plugin.js","path":"/Users/zhanggang/Documents/Github/share/node_modules/egg-view","version":"2.1.4","dependents":["nunjucks"]},{"enable":true,"package":"egg-view-react-ssr","name":"reactssr","dependencies":[],"optionalDependencies":[],"env":[],"from":"/Users/zhanggang/Documents/Github/share/config/plugin.js","path":"/Users/zhanggang/Documents/Github/share/node_modules/egg-view-react-ssr","version":"3.1.0"},{"enable":true,"package":"egg-view-nunjucks","name":"nunjucks","dependencies":["security","view"],"optionalDependencies":[],"env":[],"from":"/Users/zhanggang/Documents/Github/share/config/plugin.js","path":"/Users/zhanggang/Documents/Github/share/node_modules/egg-view-nunjucks","version":"2.3.0"},{"enable":true,"package":"egg-sequelize","name":"sequelize","dependencies":[],"optionalDependencies":[],"env":[],"from":"/Users/zhanggang/Documents/Github/share/config/plugin.js","path":"/Users/zhanggang/Documents/Github/share/node_modules/egg-sequelize","version":"6.0.0"},{"enable":true,"package":"egg-jwt","name":"jwt","dependencies":[],"optionalDependencies":["onerror"],"env":[],"from":"/Users/zhanggang/Documents/Github/share/config/plugin.js","path":"/Users/zhanggang/Documents/Github/share/node_modules/egg-jwt","version":"3.1.7"},{"enable":true,"package":"egg-redis","name":"redis","dependencies":[],"optionalDependencies":[],"env":[],"from":"/Users/zhanggang/Documents/Github/share/config/plugin.js","path":"/Users/zhanggang/Documents/Github/share/node_modules/egg-redis","version":"2.6.0"}]
2024-11-28 20:03:52,053 INFO 17829 [egg:core] App root: /Users/zhanggang/Documents/Github/share
2024-11-28 20:03:52,053 INFO 17829 [egg:core] All *.log files save on "/Users/zhanggang/Documents/Github/share/logs"
2024-11-28 20:03:52,053 INFO 17829 [egg:core] Loaded enabled plugin [{"enable":true,"package":"egg-session","name":"session","dependencies":[],"optionalDependencies":[],"env":[],"from":"/Users/zhanggang/Documents/Github/share/node_modules/egg/config/plugin.js","path":"/Users/zhanggang/Documents/Github/share/node_modules/egg-session","version":"3.3.0"},{"enable":true,"package":"egg-security","name":"security","dependencies":[],"optionalDependencies":["session"],"env":[],"from":"/Users/zhanggang/Documents/Github/share/node_modules/egg/config/plugin.js","path":"/Users/zhanggang/Documents/Github/share/node_modules/egg-security","version":"2.11.0","dependents":["nunjucks"]},{"enable":true,"package":"egg-jsonp","name":"jsonp","dependencies":[],"optionalDependencies":["security"],"env":[],"from":"/Users/zhanggang/Documents/Github/share/node_modules/egg/config/plugin.js","path":"/Users/zhanggang/Documents/Github/share/node_modules/egg-jsonp","version":"2.0.0"},{"enable":true,"package":"egg-onerror","name":"onerror","dependencies":[],"optionalDependencies":["jsonp"],"env":[],"from":"/Users/zhanggang/Documents/Github/share/node_modules/egg/config/plugin.js","path":"/Users/zhanggang/Documents/Github/share/node_modules/egg-onerror","version":"2.4.0"},{"enable":true,"package":"egg-i18n","name":"i18n","dependencies":[],"optionalDependencies":[],"env":[],"from":"/Users/zhanggang/Documents/Github/share/node_modules/egg/config/plugin.js","path":"/Users/zhanggang/Documents/Github/share/node_modules/egg-i18n","version":"2.1.1"},{"enable":true,"package":"egg-watcher","name":"watcher","dependencies":[],"optionalDependencies":[],"env":[],"from":"/Users/zhanggang/Documents/Github/share/node_modules/egg/config/plugin.js","path":"/Users/zhanggang/Documents/Github/share/node_modules/egg-watcher","version":"3.1.1"},{"enable":true,"package":"egg-schedule","name":"schedule","dependencies":[],"optionalDependencies":[],"env":[],"from":"/Users/zhanggang/Documents/Github/share/node_modules/egg/config/plugin.js","path":"/Users/zhanggang/Documents/Github/share/node_modules/egg-schedule","version":"3.7.0","dependents":["logrotator"]},{"enable":true,"package":"egg-multipart","name":"multipart","dependencies":[],"optionalDependencies":["schedule"],"env":[],"from":"/Users/zhanggang/Documents/Github/share/node_modules/egg/config/plugin.js","path":"/Users/zhanggang/Documents/Github/share/node_modules/egg-multipart","version":"2.13.1"},{"enable":true,"package":"egg-logrotator","name":"logrotator","dependencies":["schedule"],"optionalDependencies":[],"env":[],"from":"/Users/zhanggang/Documents/Github/share/node_modules/egg/config/plugin.js","path":"/Users/zhanggang/Documents/Github/share/node_modules/egg-logrotator","version":"3.2.0"},{"enable":true,"package":"egg-static","name":"static","dependencies":[],"optionalDependencies":[],"env":[],"from":"/Users/zhanggang/Documents/Github/share/config/plugin.js","path":"/Users/zhanggang/Documents/Github/share/node_modules/egg-static","version":"2.3.1"},{"enable":true,"package":"egg-view","name":"view","dependencies":[],"optionalDependencies":[],"env":[],"from":"/Users/zhanggang/Documents/Github/share/node_modules/egg/config/plugin.js","path":"/Users/zhanggang/Documents/Github/share/node_modules/egg-view","version":"2.1.4","dependents":["nunjucks"]},{"enable":true,"package":"egg-view-react-ssr","name":"reactssr","dependencies":[],"optionalDependencies":[],"env":[],"from":"/Users/zhanggang/Documents/Github/share/config/plugin.js","path":"/Users/zhanggang/Documents/Github/share/node_modules/egg-view-react-ssr","version":"3.1.0"},{"enable":true,"package":"egg-view-nunjucks","name":"nunjucks","dependencies":["security","view"],"optionalDependencies":[],"env":[],"from":"/Users/zhanggang/Documents/Github/share/config/plugin.js","path":"/Users/zhanggang/Documents/Github/share/node_modules/egg-view-nunjucks","version":"2.3.0"},{"enable":true,"package":"egg-sequelize","name":"sequelize","dependencies":[],"optionalDependencies":[],"env":[],"from":"/Users/zhanggang/Documents/Github/share/config/plugin.js","path":"/Users/zhanggang/Documents/Github/share/node_modules/egg-sequelize","version":"6.0.0"},{"enable":true,"package":"egg-jwt","name":"jwt","dependencies":[],"optionalDependencies":["onerror"],"env":[],"from":"/Users/zhanggang/Documents/Github/share/config/plugin.js","path":"/Users/zhanggang/Documents/Github/share/node_modules/egg-jwt","version":"3.1.7"},{"enable":true,"package":"egg-redis","name":"redis","dependencies":[],"optionalDependencies":[],"env":[],"from":"/Users/zhanggang/Documents/Github/share/config/plugin.js","path":"/Users/zhanggang/Documents/Github/share/node_modules/egg-redis","version":"2.6.0"}]
2024-11-28 20:03:52,053 INFO 17831 [egg:core] App root: /Users/zhanggang/Documents/Github/share
2024-11-28 20:03:52,053 INFO 17831 [egg:core] All *.log files save on "/Users/zhanggang/Documents/Github/share/logs"
2024-11-28 20:03:52,053 INFO 17831 [egg:core] Loaded enabled plugin [{"enable":true,"package":"egg-session","name":"session","dependencies":[],"optionalDependencies":[],"env":[],"from":"/Users/zhanggang/Documents/Github/share/node_modules/egg/config/plugin.js","path":"/Users/zhanggang/Documents/Github/share/node_modules/egg-session","version":"3.3.0"},{"enable":true,"package":"egg-security","name":"security","dependencies":[],"optionalDependencies":["session"],"env":[],"from":"/Users/zhanggang/Documents/Github/share/node_modules/egg/config/plugin.js","path":"/Users/zhanggang/Documents/Github/share/node_modules/egg-security","version":"2.11.0","dependents":["nunjucks"]},{"enable":true,"package":"egg-jsonp","name":"jsonp","dependencies":[],"optionalDependencies":["security"],"env":[],"from":"/Users/zhanggang/Documents/Github/share/node_modules/egg/config/plugin.js","path":"/Users/zhanggang/Documents/Github/share/node_modules/egg-jsonp","version":"2.0.0"},{"enable":true,"package":"egg-onerror","name":"onerror","dependencies":[],"optionalDependencies":["jsonp"],"env":[],"from":"/Users/zhanggang/Documents/Github/share/node_modules/egg/config/plugin.js","path":"/Users/zhanggang/Documents/Github/share/node_modules/egg-onerror","version":"2.4.0"},{"enable":true,"package":"egg-i18n","name":"i18n","dependencies":[],"optionalDependencies":[],"env":[],"from":"/Users/zhanggang/Documents/Github/share/node_modules/egg/config/plugin.js","path":"/Users/zhanggang/Documents/Github/share/node_modules/egg-i18n","version":"2.1.1"},{"enable":true,"package":"egg-watcher","name":"watcher","dependencies":[],"optionalDependencies":[],"env":[],"from":"/Users/zhanggang/Documents/Github/share/node_modules/egg/config/plugin.js","path":"/Users/zhanggang/Documents/Github/share/node_modules/egg-watcher","version":"3.1.1"},{"enable":true,"package":"egg-schedule","name":"schedule","dependencies":[],"optionalDependencies":[],"env":[],"from":"/Users/zhanggang/Documents/Github/share/node_modules/egg/config/plugin.js","path":"/Users/zhanggang/Documents/Github/share/node_modules/egg-schedule","version":"3.7.0","dependents":["logrotator"]},{"enable":true,"package":"egg-multipart","name":"multipart","dependencies":[],"optionalDependencies":["schedule"],"env":[],"from":"/Users/zhanggang/Documents/Github/share/node_modules/egg/config/plugin.js","path":"/Users/zhanggang/Documents/Github/share/node_modules/egg-multipart","version":"2.13.1"},{"enable":true,"package":"egg-logrotator","name":"logrotator","dependencies":["schedule"],"optionalDependencies":[],"env":[],"from":"/Users/zhanggang/Documents/Github/share/node_modules/egg/config/plugin.js","path":"/Users/zhanggang/Documents/Github/share/node_modules/egg-logrotator","version":"3.2.0"},{"enable":true,"package":"egg-static","name":"static","dependencies":[],"optionalDependencies":[],"env":[],"from":"/Users/zhanggang/Documents/Github/share/config/plugin.js","path":"/Users/zhanggang/Documents/Github/share/node_modules/egg-static","version":"2.3.1"},{"enable":true,"package":"egg-view","name":"view","dependencies":[],"optionalDependencies":[],"env":[],"from":"/Users/zhanggang/Documents/Github/share/node_modules/egg/config/plugin.js","path":"/Users/zhanggang/Documents/Github/share/node_modules/egg-view","version":"2.1.4","dependents":["nunjucks"]},{"enable":true,"package":"egg-view-react-ssr","name":"reactssr","dependencies":[],"optionalDependencies":[],"env":[],"from":"/Users/zhanggang/Documents/Github/share/config/plugin.js","path":"/Users/zhanggang/Documents/Github/share/node_modules/egg-view-react-ssr","version":"3.1.0"},{"enable":true,"package":"egg-view-nunjucks","name":"nunjucks","dependencies":["security","view"],"optionalDependencies":[],"env":[],"from":"/Users/zhanggang/Documents/Github/share/config/plugin.js","path":"/Users/zhanggang/Documents/Github/share/node_modules/egg-view-nunjucks","version":"2.3.0"},{"enable":true,"package":"egg-sequelize","name":"sequelize","dependencies":[],"optionalDependencies":[],"env":[],"from":"/Users/zhanggang/Documents/Github/share/config/plugin.js","path":"/Users/zhanggang/Documents/Github/share/node_modules/egg-sequelize","version":"6.0.0"},{"enable":true,"package":"egg-jwt","name":"jwt","dependencies":[],"optionalDependencies":["onerror"],"env":[],"from":"/Users/zhanggang/Documents/Github/share/config/plugin.js","path":"/Users/zhanggang/Documents/Github/share/node_modules/egg-jwt","version":"3.1.7"},{"enable":true,"package":"egg-redis","name":"redis","dependencies":[],"optionalDependencies":[],"env":[],"from":"/Users/zhanggang/Documents/Github/share/config/plugin.js","path":"/Users/zhanggang/Documents/Github/share/node_modules/egg-redis","version":"2.6.0"}]
2024-11-28 20:03:52,057 INFO 17830 [egg:core] App root: /Users/zhanggang/Documents/Github/share
2024-11-28 20:03:52,058 INFO 17830 [egg:core] All *.log files save on "/Users/zhanggang/Documents/Github/share/logs"
2024-11-28 20:03:52,058 INFO 17830 [egg:core] Loaded enabled plugin [{"enable":true,"package":"egg-session","name":"session","dependencies":[],"optionalDependencies":[],"env":[],"from":"/Users/zhanggang/Documents/Github/share/node_modules/egg/config/plugin.js","path":"/Users/zhanggang/Documents/Github/share/node_modules/egg-session","version":"3.3.0"},{"enable":true,"package":"egg-security","name":"security","dependencies":[],"optionalDependencies":["session"],"env":[],"from":"/Users/zhanggang/Documents/Github/share/node_modules/egg/config/plugin.js","path":"/Users/zhanggang/Documents/Github/share/node_modules/egg-security","version":"2.11.0","dependents":["nunjucks"]},{"enable":true,"package":"egg-jsonp","name":"jsonp","dependencies":[],"optionalDependencies":["security"],"env":[],"from":"/Users/zhanggang/Documents/Github/share/node_modules/egg/config/plugin.js","path":"/Users/zhanggang/Documents/Github/share/node_modules/egg-jsonp","version":"2.0.0"},{"enable":true,"package":"egg-onerror","name":"onerror","dependencies":[],"optionalDependencies":["jsonp"],"env":[],"from":"/Users/zhanggang/Documents/Github/share/node_modules/egg/config/plugin.js","path":"/Users/zhanggang/Documents/Github/share/node_modules/egg-onerror","version":"2.4.0"},{"enable":true,"package":"egg-i18n","name":"i18n","dependencies":[],"optionalDependencies":[],"env":[],"from":"/Users/zhanggang/Documents/Github/share/node_modules/egg/config/plugin.js","path":"/Users/zhanggang/Documents/Github/share/node_modules/egg-i18n","version":"2.1.1"},{"enable":true,"package":"egg-watcher","name":"watcher","dependencies":[],"optionalDependencies":[],"env":[],"from":"/Users/zhanggang/Documents/Github/share/node_modules/egg/config/plugin.js","path":"/Users/zhanggang/Documents/Github/share/node_modules/egg-watcher","version":"3.1.1"},{"enable":true,"package":"egg-schedule","name":"schedule","dependencies":[],"optionalDependencies":[],"env":[],"from":"/Users/zhanggang/Documents/Github/share/node_modules/egg/config/plugin.js","path":"/Users/zhanggang/Documents/Github/share/node_modules/egg-schedule","version":"3.7.0","dependents":["logrotator"]},{"enable":true,"package":"egg-multipart","name":"multipart","dependencies":[],"optionalDependencies":["schedule"],"env":[],"from":"/Users/zhanggang/Documents/Github/share/node_modules/egg/config/plugin.js","path":"/Users/zhanggang/Documents/Github/share/node_modules/egg-multipart","version":"2.13.1"},{"enable":true,"package":"egg-logrotator","name":"logrotator","dependencies":["schedule"],"optionalDependencies":[],"env":[],"from":"/Users/zhanggang/Documents/Github/share/node_modules/egg/config/plugin.js","path":"/Users/zhanggang/Documents/Github/share/node_modules/egg-logrotator","version":"3.2.0"},{"enable":true,"package":"egg-static","name":"static","dependencies":[],"optionalDependencies":[],"env":[],"from":"/Users/zhanggang/Documents/Github/share/config/plugin.js","path":"/Users/zhanggang/Documents/Github/share/node_modules/egg-static","version":"2.3.1"},{"enable":true,"package":"egg-view","name":"view","dependencies":[],"optionalDependencies":[],"env":[],"from":"/Users/zhanggang/Documents/Github/share/node_modules/egg/config/plugin.js","path":"/Users/zhanggang/Documents/Github/share/node_modules/egg-view","version":"2.1.4","dependents":["nunjucks"]},{"enable":true,"package":"egg-view-react-ssr","name":"reactssr","dependencies":[],"optionalDependencies":[],"env":[],"from":"/Users/zhanggang/Documents/Github/share/config/plugin.js","path":"/Users/zhanggang/Documents/Github/share/node_modules/egg-view-react-ssr","version":"3.1.0"},{"enable":true,"package":"egg-view-nunjucks","name":"nunjucks","dependencies":["security","view"],"optionalDependencies":[],"env":[],"from":"/Users/zhanggang/Documents/Github/share/config/plugin.js","path":"/Users/zhanggang/Documents/Github/share/node_modules/egg-view-nunjucks","version":"2.3.0"},{"enable":true,"package":"egg-sequelize","name":"sequelize","dependencies":[],"optionalDependencies":[],"env":[],"from":"/Users/zhanggang/Documents/Github/share/config/plugin.js","path":"/Users/zhanggang/Documents/Github/share/node_modules/egg-sequelize","version":"6.0.0"},{"enable":true,"package":"egg-jwt","name":"jwt","dependencies":[],"optionalDependencies":["onerror"],"env":[],"from":"/Users/zhanggang/Documents/Github/share/config/plugin.js","path":"/Users/zhanggang/Documents/Github/share/node_modules/egg-jwt","version":"3.1.7"},{"enable":true,"package":"egg-redis","name":"redis","dependencies":[],"optionalDependencies":[],"env":[],"from":"/Users/zhanggang/Documents/Github/share/config/plugin.js","path":"/Users/zhanggang/Documents/Github/share/node_modules/egg-redis","version":"2.6.0"}]
2024-11-28 20:03:52,149 INFO 17832 [egg:logger] init all loggers with options: {"dir":"/Users/zhanggang/Documents/Github/share/logs","encoding":"utf8","env":"prod","level":"INFO","consoleLevel":"DEBUG","disableConsoleAfterReady":true,"outputJSON":false,"buffer":true,"appLogName":"egg-react-webpack-mpa-boilerplate-web.log","coreLogName":"egg-web.log","agentLogName":"egg-agent.log","errorLogName":"common-error.log","coreLogger":{},"allowDebugAtProd":false,"enablePerformanceTimer":false,"type":"application"}
2024-11-28 20:03:52,149 INFO 17831 [egg:logger] init all loggers with options: {"dir":"/Users/zhanggang/Documents/Github/share/logs","encoding":"utf8","env":"prod","level":"INFO","consoleLevel":"DEBUG","disableConsoleAfterReady":true,"outputJSON":false,"buffer":true,"appLogName":"egg-react-webpack-mpa-boilerplate-web.log","coreLogName":"egg-web.log","agentLogName":"egg-agent.log","errorLogName":"common-error.log","coreLogger":{},"allowDebugAtProd":false,"enablePerformanceTimer":false,"type":"application"}
2024-11-28 20:03:52,149 INFO 17829 [egg:logger] init all loggers with options: {"dir":"/Users/zhanggang/Documents/Github/share/logs","encoding":"utf8","env":"prod","level":"INFO","consoleLevel":"DEBUG","disableConsoleAfterReady":true,"outputJSON":false,"buffer":true,"appLogName":"egg-react-webpack-mpa-boilerplate-web.log","coreLogName":"egg-web.log","agentLogName":"egg-agent.log","errorLogName":"common-error.log","coreLogger":{},"allowDebugAtProd":false,"enablePerformanceTimer":false,"type":"application"}
2024-11-28 20:03:52,149 INFO 17830 [egg:logger] init all loggers with options: {"dir":"/Users/zhanggang/Documents/Github/share/logs","encoding":"utf8","env":"prod","level":"INFO","consoleLevel":"DEBUG","disableConsoleAfterReady":true,"outputJSON":false,"buffer":true,"appLogName":"egg-react-webpack-mpa-boilerplate-web.log","coreLogName":"egg-web.log","agentLogName":"egg-agent.log","errorLogName":"common-error.log","coreLogger":{},"allowDebugAtProd":false,"enablePerformanceTimer":false,"type":"application"}
2024-11-28 20:03:52,160 INFO 17832 [egg-multipart] file mode enable
2024-11-28 20:03:52,160 INFO 17829 [egg-multipart] file mode enable
2024-11-28 20:03:52,160 INFO 17832 [egg-multipart] will save temporary files to "/var/folders/gb/qjbm5mw55zvfqkvl15wjmpvw0000gn/T/egg-multipart-tmp/egg-react-webpack-mpa-boilerplate", cleanup job cron: "0 30 4 * * *"
2024-11-28 20:03:52,160 INFO 17829 [egg-multipart] will save temporary files to "/var/folders/gb/qjbm5mw55zvfqkvl15wjmpvw0000gn/T/egg-multipart-tmp/egg-react-webpack-mpa-boilerplate", cleanup job cron: "0 30 4 * * *"
2024-11-28 20:03:52,160 INFO 17831 [egg-multipart] file mode enable
2024-11-28 20:03:52,160 INFO 17831 [egg-multipart] will save temporary files to "/var/folders/gb/qjbm5mw55zvfqkvl15wjmpvw0000gn/T/egg-multipart-tmp/egg-react-webpack-mpa-boilerplate", cleanup job cron: "0 30 4 * * *"
2024-11-28 20:03:52,160 INFO 17830 [egg-multipart] file mode enable
2024-11-28 20:03:52,160 INFO 17830 [egg-multipart] will save temporary files to "/var/folders/gb/qjbm5mw55zvfqkvl15wjmpvw0000gn/T/egg-multipart-tmp/egg-react-webpack-mpa-boilerplate", cleanup job cron: "0 30 4 * * *"
2024-11-28 20:03:52,300 INFO 17830 [egg-redis] server connecting redis://:***@127.0.0.1:6379/0
2024-11-28 20:03:52,300 INFO 17831 [egg-redis] server connecting redis://:***@127.0.0.1:6379/0
2024-11-28 20:03:52,300 INFO 17829 [egg-redis] server connecting redis://:***@127.0.0.1:6379/0
2024-11-28 20:03:52,300 INFO 17832 [egg-redis] server connecting redis://:***@127.0.0.1:6379/0
2024-11-28 20:03:52,348 INFO 17830 Use coreMiddleware order: ["meta","siteFile","notfound","static","bodyParser","overrideMethod","session","securities","i18n","multipart"]
2024-11-28 20:03:52,348 INFO 17831 Use coreMiddleware order: ["meta","siteFile","notfound","static","bodyParser","overrideMethod","session","securities","i18n","multipart"]
2024-11-28 20:03:52,348 INFO 17829 Use coreMiddleware order: ["meta","siteFile","notfound","static","bodyParser","overrideMethod","session","securities","i18n","multipart"]
2024-11-28 20:03:52,348 INFO 17830 Use appMiddleware order: ["jwt"]
2024-11-28 20:03:52,348 INFO 17831 Use appMiddleware order: ["jwt"]
2024-11-28 20:03:52,348 INFO 17829 Use appMiddleware order: ["jwt"]
2024-11-28 20:03:52,349 INFO 17830 [egg:loader] Use middleware: meta
2024-11-28 20:03:52,350 INFO 17830 [egg:loader] Use middleware: siteFile
2024-11-28 20:03:52,350 INFO 17830 [egg:loader] Use middleware: notfound
2024-11-28 20:03:52,350 INFO 17831 [egg:loader] Use middleware: meta
2024-11-28 20:03:52,350 INFO 17830 [egg-static] starting static serve /public/ -> /Users/zhanggang/Documents/Github/share/public
2024-11-28 20:03:52,350 INFO 17831 [egg:loader] Use middleware: siteFile
2024-11-28 20:03:52,350 INFO 17831 [egg:loader] Use middleware: notfound
2024-11-28 20:03:52,350 INFO 17829 [egg:loader] Use middleware: meta
2024-11-28 20:03:52,350 INFO 17831 [egg-static] starting static serve /public/ -> /Users/zhanggang/Documents/Github/share/public
2024-11-28 20:03:52,350 INFO 17829 [egg:loader] Use middleware: siteFile
2024-11-28 20:03:52,350 INFO 17829 [egg:loader] Use middleware: notfound
2024-11-28 20:03:52,350 INFO 17830 [egg:loader] Use middleware: static
2024-11-28 20:03:52,350 INFO 17832 Use coreMiddleware order: ["meta","siteFile","notfound","static","bodyParser","overrideMethod","session","securities","i18n","multipart"]
2024-11-28 20:03:52,350 INFO 17832 Use appMiddleware order: ["jwt"]
2024-11-28 20:03:52,350 INFO 17829 [egg-static] starting static serve /public/ -> /Users/zhanggang/Documents/Github/share/public
2024-11-28 20:03:52,350 INFO 17830 [egg:loader] Use middleware: bodyParser
2024-11-28 20:03:52,350 INFO 17830 [egg:loader] Use middleware: overrideMethod
2024-11-28 20:03:52,350 INFO 17831 [egg:loader] Use middleware: static
2024-11-28 20:03:52,350 INFO 17830 [egg:loader] Use middleware: session
2024-11-28 20:03:52,350 INFO 17831 [egg:loader] Use middleware: bodyParser
2024-11-28 20:03:52,351 INFO 17831 [egg:loader] Use middleware: overrideMethod
2024-11-28 20:03:52,351 INFO 17829 [egg:loader] Use middleware: static
2024-11-28 20:03:52,351 INFO 17831 [egg:loader] Use middleware: session
2024-11-28 20:03:52,351 INFO 17829 [egg:loader] Use middleware: bodyParser
2024-11-28 20:03:52,351 INFO 17829 [egg:loader] Use middleware: overrideMethod
2024-11-28 20:03:52,351 INFO 17830 [egg-security] use methodnoallow middleware
2024-11-28 20:03:52,351 INFO 17832 [egg:loader] Use middleware: meta
2024-11-28 20:03:52,351 INFO 17832 [egg:loader] Use middleware: siteFile
2024-11-28 20:03:52,351 INFO 17829 [egg:loader] Use middleware: session
2024-11-28 20:03:52,351 INFO 17832 [egg:loader] Use middleware: notfound
2024-11-28 20:03:52,351 INFO 17832 [egg-static] starting static serve /public/ -> /Users/zhanggang/Documents/Github/share/public
2024-11-28 20:03:52,352 INFO 17831 [egg-security] use methodnoallow middleware
2024-11-28 20:03:52,352 INFO 17832 [egg:loader] Use middleware: static
2024-11-28 20:03:52,352 INFO 17829 [egg-security] use methodnoallow middleware
2024-11-28 20:03:52,352 INFO 17832 [egg:loader] Use middleware: bodyParser
2024-11-28 20:03:52,352 INFO 17831 [egg-security] use noopen middleware
2024-11-28 20:03:52,352 INFO 17832 [egg:loader] Use middleware: overrideMethod
2024-11-28 20:03:52,352 INFO 17829 [egg-security] use noopen middleware
2024-11-28 20:03:52,352 INFO 17832 [egg:loader] Use middleware: session
2024-11-28 20:03:52,352 INFO 17831 [egg-security] use nosniff middleware
2024-11-28 20:03:52,353 INFO 17831 [egg-security] use xssProtection middleware
2024-11-28 20:03:52,354 INFO 17832 [egg-security] use methodnoallow middleware
2024-11-28 20:03:52,355 INFO 17830 [egg-security] use noopen middleware
2024-11-28 20:03:52,355 INFO 17832 [egg-security] use noopen middleware
2024-11-28 20:03:52,355 INFO 17829 [egg-security] use nosniff middleware
2024-11-28 20:03:52,356 INFO 17830 [egg-security] use nosniff middleware
2024-11-28 20:03:52,356 INFO 17832 [egg-security] use nosniff middleware
2024-11-28 20:03:52,356 INFO 17831 [egg-security] use xframe middleware
2024-11-28 20:03:52,356 INFO 17830 [egg-security] use xssProtection middleware
2024-11-28 20:03:52,356 INFO 17832 [egg-security] use xssProtection middleware
2024-11-28 20:03:52,356 INFO 17830 [egg-security] use xframe middleware
2024-11-28 20:03:52,356 INFO 17829 [egg-security] use xssProtection middleware
2024-11-28 20:03:52,356 INFO 17831 [egg-security] use dta middleware
2024-11-28 20:03:52,356 INFO 17831 [egg-security] compose 6 middlewares into one security middleware
2024-11-28 20:03:52,356 INFO 17832 [egg-security] use xframe middleware
2024-11-28 20:03:52,356 INFO 17831 [egg:loader] Use middleware: securities
2024-11-28 20:03:52,356 INFO 17829 [egg-security] use xframe middleware
2024-11-28 20:03:52,356 INFO 17831 [egg:loader] Use middleware: i18n
2024-11-28 20:03:52,356 INFO 17830 [egg-security] use dta middleware
2024-11-28 20:03:52,356 INFO 17830 [egg-security] compose 6 middlewares into one security middleware
2024-11-28 20:03:52,356 INFO 17831 [egg:loader] Use middleware: multipart
2024-11-28 20:03:52,356 INFO 17830 [egg:loader] Use middleware: securities
2024-11-28 20:03:52,356 INFO 17832 [egg-security] use dta middleware
2024-11-28 20:03:52,356 INFO 17832 [egg-security] compose 6 middlewares into one security middleware
2024-11-28 20:03:52,356 INFO 17830 [egg:loader] Use middleware: i18n
2024-11-28 20:03:52,356 INFO 17829 [egg-security] use dta middleware
2024-11-28 20:03:52,356 INFO 17829 [egg-security] compose 6 middlewares into one security middleware
2024-11-28 20:03:52,356 INFO 17832 [egg:loader] Use middleware: securities
2024-11-28 20:03:52,356 INFO 17830 [egg:loader] Use middleware: multipart
2024-11-28 20:03:52,356 INFO 17829 [egg:loader] Use middleware: securities
2024-11-28 20:03:52,356 INFO 17832 [egg:loader] Use middleware: i18n
2024-11-28 20:03:52,356 INFO 17829 [egg:loader] Use middleware: i18n
2024-11-28 20:03:52,356 INFO 17832 [egg:loader] Use middleware: multipart
2024-11-28 20:03:52,356 INFO 17829 [egg:loader] Use middleware: multipart
2024-11-28 20:03:52,356 INFO 17831 [egg:loader] Disable middleware: jwt
2024-11-28 20:03:52,356 INFO 17831 [egg:loader] Loaded middleware from ["/Users/zhanggang/Documents/Github/share/node_modules/egg-session/app/middleware","/Users/zhanggang/Documents/Github/share/node_modules/egg-security/app/middleware","/Users/zhanggang/Documents/Github/share/node_modules/egg-jsonp/app/middleware","/Users/zhanggang/Documents/Github/share/node_modules/egg-onerror/app/middleware","/Users/zhanggang/Documents/Github/share/node_modules/egg-i18n/app/middleware","/Users/zhanggang/Documents/Github/share/node_modules/egg-watcher/app/middleware","/Users/zhanggang/Documents/Github/share/node_modules/egg-schedule/app/middleware","/Users/zhanggang/Documents/Github/share/node_modules/egg-multipart/app/middleware","/Users/zhanggang/Documents/Github/share/node_modules/egg-logrotator/app/middleware","/Users/zhanggang/Documents/Github/share/node_modules/egg-static/app/middleware","/Users/zhanggang/Documents/Github/share/node_modules/egg-view/app/middleware","/Users/zhanggang/Documents/Github/share/node_modules/egg-view-react-ssr/app/middleware","/Users/zhanggang/Documents/Github/share/node_modules/egg-view-nunjucks/app/middleware","/Users/zhanggang/Documents/Github/share/node_modules/egg-sequelize/app/middleware","/Users/zhanggang/Documents/Github/share/node_modules/egg-jwt/app/middleware","/Users/zhanggang/Documents/Github/share/node_modules/egg-redis/app/middleware","/Users/zhanggang/Documents/Github/share/node_modules/egg/app/middleware","/Users/zhanggang/Documents/Github/share/app/middleware"]
2024-11-28 20:03:52,356 INFO 17830 [egg:loader] Disable middleware: jwt
2024-11-28 20:03:52,356 INFO 17830 [egg:loader] Loaded middleware from ["/Users/zhanggang/Documents/Github/share/node_modules/egg-session/app/middleware","/Users/zhanggang/Documents/Github/share/node_modules/egg-security/app/middleware","/Users/zhanggang/Documents/Github/share/node_modules/egg-jsonp/app/middleware","/Users/zhanggang/Documents/Github/share/node_modules/egg-onerror/app/middleware","/Users/zhanggang/Documents/Github/share/node_modules/egg-i18n/app/middleware","/Users/zhanggang/Documents/Github/share/node_modules/egg-watcher/app/middleware","/Users/zhanggang/Documents/Github/share/node_modules/egg-schedule/app/middleware","/Users/zhanggang/Documents/Github/share/node_modules/egg-multipart/app/middleware","/Users/zhanggang/Documents/Github/share/node_modules/egg-logrotator/app/middleware","/Users/zhanggang/Documents/Github/share/node_modules/egg-static/app/middleware","/Users/zhanggang/Documents/Github/share/node_modules/egg-view/app/middleware","/Users/zhanggang/Documents/Github/share/node_modules/egg-view-react-ssr/app/middleware","/Users/zhanggang/Documents/Github/share/node_modules/egg-view-nunjucks/app/middleware","/Users/zhanggang/Documents/Github/share/node_modules/egg-sequelize/app/middleware","/Users/zhanggang/Documents/Github/share/node_modules/egg-jwt/app/middleware","/Users/zhanggang/Documents/Github/share/node_modules/egg-redis/app/middleware","/Users/zhanggang/Documents/Github/share/node_modules/egg/app/middleware","/Users/zhanggang/Documents/Github/share/app/middleware"]
2024-11-28 20:03:52,357 INFO 17832 [egg:loader] Disable middleware: jwt
2024-11-28 20:03:52,357 INFO 17832 [egg:loader] Loaded middleware from ["/Users/zhanggang/Documents/Github/share/node_modules/egg-session/app/middleware","/Users/zhanggang/Documents/Github/share/node_modules/egg-security/app/middleware","/Users/zhanggang/Documents/Github/share/node_modules/egg-jsonp/app/middleware","/Users/zhanggang/Documents/Github/share/node_modules/egg-onerror/app/middleware","/Users/zhanggang/Documents/Github/share/node_modules/egg-i18n/app/middleware","/Users/zhanggang/Documents/Github/share/node_modules/egg-watcher/app/middleware","/Users/zhanggang/Documents/Github/share/node_modules/egg-schedule/app/middleware","/Users/zhanggang/Documents/Github/share/node_modules/egg-multipart/app/middleware","/Users/zhanggang/Documents/Github/share/node_modules/egg-logrotator/app/middleware","/Users/zhanggang/Documents/Github/share/node_modules/egg-static/app/middleware","/Users/zhanggang/Documents/Github/share/node_modules/egg-view/app/middleware","/Users/zhanggang/Documents/Github/share/node_modules/egg-view-react-ssr/app/middleware","/Users/zhanggang/Documents/Github/share/node_modules/egg-view-nunjucks/app/middleware","/Users/zhanggang/Documents/Github/share/node_modules/egg-sequelize/app/middleware","/Users/zhanggang/Documents/Github/share/node_modules/egg-jwt/app/middleware","/Users/zhanggang/Documents/Github/share/node_modules/egg-redis/app/middleware","/Users/zhanggang/Documents/Github/share/node_modules/egg/app/middleware","/Users/zhanggang/Documents/Github/share/app/middleware"]
2024-11-28 20:03:52,357 INFO 17829 [egg:loader] Disable middleware: jwt
2024-11-28 20:03:52,357 INFO 17829 [egg:loader] Loaded middleware from ["/Users/zhanggang/Documents/Github/share/node_modules/egg-session/app/middleware","/Users/zhanggang/Documents/Github/share/node_modules/egg-security/app/middleware","/Users/zhanggang/Documents/Github/share/node_modules/egg-jsonp/app/middleware","/Users/zhanggang/Documents/Github/share/node_modules/egg-onerror/app/middleware","/Users/zhanggang/Documents/Github/share/node_modules/egg-i18n/app/middleware","/Users/zhanggang/Documents/Github/share/node_modules/egg-watcher/app/middleware","/Users/zhanggang/Documents/Github/share/node_modules/egg-schedule/app/middleware","/Users/zhanggang/Documents/Github/share/node_modules/egg-multipart/app/middleware","/Users/zhanggang/Documents/Github/share/node_modules/egg-logrotator/app/middleware","/Users/zhanggang/Documents/Github/share/node_modules/egg-static/app/middleware","/Users/zhanggang/Documents/Github/share/node_modules/egg-view/app/middleware","/Users/zhanggang/Documents/Github/share/node_modules/egg-view-react-ssr/app/middleware","/Users/zhanggang/Documents/Github/share/node_modules/egg-view-nunjucks/app/middleware","/Users/zhanggang/Documents/Github/share/node_modules/egg-sequelize/app/middleware","/Users/zhanggang/Documents/Github/share/node_modules/egg-jwt/app/middleware","/Users/zhanggang/Documents/Github/share/node_modules/egg-redis/app/middleware","/Users/zhanggang/Documents/Github/share/node_modules/egg/app/middleware","/Users/zhanggang/Documents/Github/share/app/middleware"]
2024-11-28 20:03:52,404 INFO 17830 [egg:loader] Controller loaded: /Users/zhanggang/Documents/Github/share/app/controller
2024-11-28 20:03:52,404 INFO 17831 [egg:loader] Controller loaded: /Users/zhanggang/Documents/Github/share/app/controller
2024-11-28 20:03:52,404 INFO 17829 [egg:loader] Controller loaded: /Users/zhanggang/Documents/Github/share/app/controller
2024-11-28 20:03:52,405 INFO 17832 [egg:loader] Controller loaded: /Users/zhanggang/Documents/Github/share/app/controller
2024-11-28 20:03:52,409 INFO 17830 [egg:core] dump config after load, 3ms
2024-11-28 20:03:52,409 INFO 17832 [egg:core] dump config after load, 3ms
2024-11-28 20:03:52,409 INFO 17831 [egg:core] dump config after load, 3ms
2024-11-28 20:03:52,409 INFO 17829 [egg:core] dump config after load, 3ms
2024-11-28 20:03:52,415 INFO 17829 [egg-redis] client connect success
2024-11-28 20:03:52,416 INFO 17829 [egg:core:ready_stat] end ready task /Users/zhanggang/Documents/Github/share/node_modules/egg-core/lib/egg.js:311:10, remain ["/Users/zhanggang/Documents/Github/share/node_modules/egg-watcher/lib/init.js:15:14","/Users/zhanggang/Documents/Github/share/node_modules/egg-sequelize/lib/loader.js:39:7","/Users/zhanggang/Documents/Github/share/node_modules/egg-redis/lib/redis.js:58:7"]
2024-11-28 20:03:52,416 INFO 17831 [egg-redis] client connect success
2024-11-28 20:03:52,416 INFO 17832 [egg-redis] client connect success
2024-11-28 20:03:52,416 INFO 17831 [egg:core:ready_stat] end ready task /Users/zhanggang/Documents/Github/share/node_modules/egg-core/lib/egg.js:311:10, remain ["/Users/zhanggang/Documents/Github/share/node_modules/egg-watcher/lib/init.js:15:14","/Users/zhanggang/Documents/Github/share/node_modules/egg-sequelize/lib/loader.js:39:7","/Users/zhanggang/Documents/Github/share/node_modules/egg-redis/lib/redis.js:58:7"]
2024-11-28 20:03:52,416 INFO 17832 [egg:core:ready_stat] end ready task /Users/zhanggang/Documents/Github/share/node_modules/egg-core/lib/egg.js:311:10, remain ["/Users/zhanggang/Documents/Github/share/node_modules/egg-watcher/lib/init.js:15:14","/Users/zhanggang/Documents/Github/share/node_modules/egg-sequelize/lib/loader.js:39:7","/Users/zhanggang/Documents/Github/share/node_modules/egg-redis/lib/redis.js:58:7"]
2024-11-28 20:03:52,416 INFO 17830 [egg-redis] client connect success
2024-11-28 20:03:52,417 INFO 17830 [egg:core:ready_stat] end ready task /Users/zhanggang/Documents/Github/share/node_modules/egg-core/lib/egg.js:311:10, remain ["/Users/zhanggang/Documents/Github/share/node_modules/egg-watcher/lib/init.js:15:14","/Users/zhanggang/Documents/Github/share/node_modules/egg-sequelize/lib/loader.js:39:7","/Users/zhanggang/Documents/Github/share/node_modules/egg-redis/lib/redis.js:58:7"]
2024-11-28 20:03:52,423 INFO 17829 [egg-redis] instance[0] status OK, client ready
2024-11-28 20:03:52,423 INFO 17831 [egg-redis] instance[0] status OK, client ready
2024-11-28 20:03:52,424 INFO 17829 [egg-watcher:application] watcher start success
2024-11-28 20:03:52,424 INFO 17829 [egg:core:ready_stat] end ready task /Users/zhanggang/Documents/Github/share/node_modules/egg-redis/lib/redis.js:58:7, remain ["/Users/zhanggang/Documents/Github/share/node_modules/egg-watcher/lib/init.js:15:14","/Users/zhanggang/Documents/Github/share/node_modules/egg-sequelize/lib/loader.js:39:7"]
2024-11-28 20:03:52,424 INFO 17829 [egg:core:ready_stat] end ready task /Users/zhanggang/Documents/Github/share/node_modules/egg-watcher/lib/init.js:15:14, remain ["/Users/zhanggang/Documents/Github/share/node_modules/egg-sequelize/lib/loader.js:39:7"]
2024-11-28 20:03:52,424 INFO 17832 [egg-redis] instance[0] status OK, client ready
2024-11-28 20:03:52,424 INFO 17830 [egg-redis] instance[0] status OK, client ready
2024-11-28 20:03:52,424 INFO 17831 [egg-watcher:application] watcher start success
2024-11-28 20:03:52,424 INFO 17831 [egg:core:ready_stat] end ready task /Users/zhanggang/Documents/Github/share/node_modules/egg-redis/lib/redis.js:58:7, remain ["/Users/zhanggang/Documents/Github/share/node_modules/egg-watcher/lib/init.js:15:14","/Users/zhanggang/Documents/Github/share/node_modules/egg-sequelize/lib/loader.js:39:7"]
2024-11-28 20:03:52,424 INFO 17831 [egg:core:ready_stat] end ready task /Users/zhanggang/Documents/Github/share/node_modules/egg-watcher/lib/init.js:15:14, remain ["/Users/zhanggang/Documents/Github/share/node_modules/egg-sequelize/lib/loader.js:39:7"]
2024-11-28 20:03:52,425 INFO 17832 [egg-watcher:application] watcher start success
2024-11-28 20:03:52,425 INFO 17832 [egg:core:ready_stat] end ready task /Users/zhanggang/Documents/Github/share/node_modules/egg-redis/lib/redis.js:58:7, remain ["/Users/zhanggang/Documents/Github/share/node_modules/egg-watcher/lib/init.js:15:14","/Users/zhanggang/Documents/Github/share/node_modules/egg-sequelize/lib/loader.js:39:7"]
2024-11-28 20:03:52,425 INFO 17832 [egg:core:ready_stat] end ready task /Users/zhanggang/Documents/Github/share/node_modules/egg-watcher/lib/init.js:15:14, remain ["/Users/zhanggang/Documents/Github/share/node_modules/egg-sequelize/lib/loader.js:39:7"]
2024-11-28 20:03:52,425 INFO 17830 [egg-watcher:application] watcher start success
2024-11-28 20:03:52,425 INFO 17830 [egg:core:ready_stat] end ready task /Users/zhanggang/Documents/Github/share/node_modules/egg-redis/lib/redis.js:58:7, remain ["/Users/zhanggang/Documents/Github/share/node_modules/egg-watcher/lib/init.js:15:14","/Users/zhanggang/Documents/Github/share/node_modules/egg-sequelize/lib/loader.js:39:7"]
2024-11-28 20:03:52,425 INFO 17830 [egg:core:ready_stat] end ready task /Users/zhanggang/Documents/Github/share/node_modules/egg-watcher/lib/init.js:15:14, remain ["/Users/zhanggang/Documents/Github/share/node_modules/egg-sequelize/lib/loader.js:39:7"]
2024-11-28 20:03:52,431 INFO 17829 [egg-sequelize](0ms) Executed (default): SELECT 1+1 AS result
2024-11-28 20:03:52,431 INFO 17829 [egg:core:ready_stat] end ready task /Users/zhanggang/Documents/Github/share/node_modules/egg-sequelize/lib/loader.js:39:7, remain []
2024-11-28 20:03:52,431 INFO 17830 [egg-sequelize](0ms) Executed (default): SELECT 1+1 AS result
2024-11-28 20:03:52,431 INFO 17832 [egg-sequelize](0ms) Executed (default): SELECT 1+1 AS result
2024-11-28 20:03:52,431 INFO 17831 [egg-sequelize](0ms) Executed (default): SELECT 1+1 AS result
2024-11-28 20:03:52,431 INFO 17830 [egg:core:ready_stat] end ready task /Users/zhanggang/Documents/Github/share/node_modules/egg-sequelize/lib/loader.js:39:7, remain []
2024-11-28 20:03:52,431 INFO 17832 [egg:core:ready_stat] end ready task /Users/zhanggang/Documents/Github/share/node_modules/egg-sequelize/lib/loader.js:39:7, remain []
2024-11-28 20:03:52,431 INFO 17831 [egg:core:ready_stat] end ready task /Users/zhanggang/Documents/Github/share/node_modules/egg-sequelize/lib/loader.js:39:7, remain []
2024-11-28 20:03:52,436 INFO 17827 [master] app_worker#4:17832 started at 7001, remain 3 (607ms)
2024-11-28 20:03:52,437 INFO 17827 [master] app_worker#1:17829 started at 7001, remain 2 (608ms)
2024-11-28 20:03:52,438 INFO 17827 [master] app_worker#3:17831 started at 7001, remain 1 (609ms)
2024-11-28 20:03:52,438 INFO 17827 [master] app_worker#2:17830 started at 7001, remain 0 (609ms)
2024-11-28 20:03:52,439 INFO 17827 [master] egg started on http://127.0.0.1:7001 (939ms)
... null
... null
... {
  access_token: '86_qbeMgi4-evExOoKNtDkvKsELPd1dxvON5ALSXQ_gPwkRJGF-Nk5QKKyW81GKDRUIIPkRKSPa0TOG4Lev2blEyAchtjg5AIskKjqzf-00xjrtiUBhXnox1qolStwAVNhACAUPH',
  expires_in: 7200
}
... {
  access_token: '86_qbeMgi4-evExOoKNtDkvKsELPd1dxvON5ALSXQ_gPwkRJGF-Nk5QKKyW81GKDRUIIPkRKSPa0TOG4Lev2blEyAchtjg5AIskKjqzf-00xjrtiUBhXnox1qolStwQJQhACAVOV',
  expires_in: 7200
}
... null
... {
  access_token: '86_qbeMgi4-evExOoKNtDkvKsELPd1dxvON5ALSXQ_gPwkRJGF-Nk5QKKyW81GKDRUIIPkRKSPa0TOG4Lev2blEyAchtjg5AIskKjqzf-00xjrtiUBhXnox1qolStwIBOhACANGT',
  expires_in: 7200
}
... null
... {
  access_token: '86_qbeMgi4-evExOoKNtDkvKsELPd1dxvON5ALSXQ_gPwkRJGF-Nk5QKKyW81GKDRUIIPkRKSPa0TOG4Lev2blEyAchtjg5AIskKjqzf-00xjrtiUBhXnox1qolStwRQUhACAAZD',
  expires_in: 7200
}
token
token
token
2024-11-28 20:04:51,951 INFO 17827 [master] master is killed by signal SIGTERM, closing
2024-11-28 20:04:51,952 INFO 17827 [master] system memory: total 17179869184, free 210632704
2024-11-28 20:04:51,952 INFO 17827 [master] process info: heap_limit 4345298944, heap_used 14241648
2024-11-28 20:04:51,953 INFO 17827 [master] send kill SIGTERM to app workers, will exit with code:0 after 5000ms
2024-11-28 20:04:51,953 INFO 17827 [master] wait 5000ms
2024-11-28 20:04:52,014 INFO 17829 [app_worker] receive signal SIGTERM, exiting with code:0
2024-11-28 20:04:52,015 INFO 17829 [app_worker] beforeExit success
2024-11-28 20:04:52,015 INFO 17829 [app_worker] exit with code:0
2024-11-28 20:04:52,016 INFO 17830 [app_worker] receive signal SIGTERM, exiting with code:0
2024-11-28 20:04:52,017 INFO 17831 [app_worker] receive signal SIGTERM, exiting with code:0
2024-11-28 20:04:52,019 INFO 17832 [app_worker] receive signal SIGTERM, exiting with code:0
2024-11-28 20:04:52,020 INFO 17831 [app_worker] beforeExit success
2024-11-28 20:04:52,020 INFO 17831 [app_worker] exit with code:0
2024-11-28 20:04:52,021 INFO 17830 [app_worker] beforeExit success
2024-11-28 20:04:52,021 INFO 17830 [app_worker] exit with code:0
2024-11-28 20:04:52,021 INFO 17832 [app_worker] beforeExit success
2024-11-28 20:04:52,021 INFO 17832 [app_worker] exit with code:0
[2024-11-28 20:04:52.039] [cfork:master:17827] worker:17832 disconnect (exitedAfterDisconnect: false, state: disconnected, isDead: false, worker.disableRefork: true)
[2024-11-28 20:04:52.039] [cfork:master:17827] don't fork, because worker:17832 will be kill soon
2024-11-28 20:04:52,040 INFO 17827 [master] app_worker#4:17832 disconnect, suicide: false, state: disconnected, current workers: ["1","2","3","4"]
[2024-11-28 20:04:52.040] [cfork:master:17827] worker:17829 disconnect (exitedAfterDisconnect: false, state: disconnected, isDead: false, worker.disableRefork: true)
[2024-11-28 20:04:52.040] [cfork:master:17827] don't fork, because worker:17829 will be kill soon
2024-11-28 20:04:52,040 INFO 17827 [master] app_worker#1:17829 disconnect, suicide: false, state: disconnected, current workers: ["1","2","3","4"]
[2024-11-28 20:04:52.040] [cfork:master:17827] worker:17829 exit (code: 0, exitedAfterDisconnect: false, state: dead, isDead: true, isExpected: false, worker.disableRefork: true)
[2024-11-28 20:04:52.040] [cfork:master:17827] worker:17832 exit (code: 0, exitedAfterDisconnect: false, state: dead, isDead: true, isExpected: false, worker.disableRefork: true)
[2024-11-28 20:04:52.040] [cfork:master:17827] worker:17830 disconnect (exitedAfterDisconnect: false, state: disconnected, isDead: false, worker.disableRefork: true)
[2024-11-28 20:04:52.040] [cfork:master:17827] don't fork, because worker:17830 will be kill soon
2024-11-28 20:04:52,040 INFO 17827 [master] app_worker#2:17830 disconnect, suicide: false, state: disconnected, current workers: ["2","3"]
[2024-11-28 20:04:52.040] [cfork:master:17827] worker:17830 exit (code: 0, exitedAfterDisconnect: false, state: dead, isDead: true, isExpected: false, worker.disableRefork: true)
[2024-11-28 20:04:52.043] [cfork:master:17827] worker:17831 disconnect (exitedAfterDisconnect: false, state: disconnected, isDead: false, worker.disableRefork: true)
[2024-11-28 20:04:52.043] [cfork:master:17827] don't fork, because worker:17831 will be kill soon
2024-11-28 20:04:52,043 INFO 17827 [master] app_worker#3:17831 disconnect, suicide: false, state: disconnected, current workers: ["3"]
[2024-11-28 20:04:52.043] [cfork:master:17827] worker:17831 exit (code: 0, exitedAfterDisconnect: false, state: dead, isDead: true, isExpected: false, worker.disableRefork: true)
2024-11-28 20:04:52,043 INFO 17827 [master] send kill SIGTERM to agent worker, will exit with code:0 after 5000ms
2024-11-28 20:04:52,043 INFO 17827 [master] wait 5000ms
2024-11-28 20:04:52,043 INFO 17827 [master] kill agent worker with signal SIGTERM
2024-11-28 20:04:52,070 INFO 17828 [agent_worker] receive signal SIGTERM, exiting with code:0
2024-11-28 20:04:52,071 INFO 17828 [agent_worker] beforeExit success
2024-11-28 20:04:52,071 INFO 17828 [agent_worker] exit with code:0
2024-11-28 20:04:52,077 INFO 17827 [master] close done, exiting with code:0
2024-11-28 20:04:52,077 INFO 17827 [master] exit with code:0
