2024-10-16 14:29:17,358 ERROR 97837 [-/127.0.0.1/-/21ms GET /] nodejs.Error: Please set config.keys first
    at Application.get keys [as keys] (/Users/zhanggang/Documents/Github/egg-react-webpack-boilerplate/packages/egg-react-webpack-mpa-boilerplate/node_modules/egg/lib/application.js:269:15)
    at Object.get cookies [as cookies] (/Users/zhanggang/Documents/Github/egg-react-webpack-boilerplate/packages/egg-react-webpack-mpa-boilerplate/node_modules/egg/app/extend/context.js:23:66)
    at Object.get [egg-security#CSRF_SECRET] (/Users/zhanggang/Documents/Github/egg-react-webpack-boilerplate/packages/egg-react-webpack-mpa-boilerplate/node_modules/egg-security/app/extend/context.js:91:35)
    at Object.ensureCsrfSecret (/Users/zhanggang/Documents/Github/egg-react-webpack-boilerplate/packages/egg-react-webpack-mpa-boilerplate/node_modules/egg-security/app/extend/context.js:104:13)
    at csrf (/Users/zhanggang/Documents/Github/egg-react-webpack-boilerplate/packages/egg-react-webpack-mpa-boilerplate/node_modules/egg-security/lib/middlewares/csrf.js:15:11)
    at dispatch (/Users/zhanggang/Documents/Github/egg-react-webpack-boilerplate/packages/egg-react-webpack-mpa-boilerplate/node_modules/egg-security/node_modules/koa-compose/index.js:42:32)
    at /Users/zhanggang/Documents/Github/egg-react-webpack-boilerplate/packages/egg-react-webpack-mpa-boilerplate/node_modules/egg-security/node_modules/koa-compose/index.js:34:12
    at dispatch (/Users/zhanggang/Documents/Github/egg-react-webpack-boilerplate/packages/egg-react-webpack-mpa-boilerplate/node_modules/koa/node_modules/koa-compose/index.js:42:32)
    at session (/Users/zhanggang/Documents/Github/egg-react-webpack-boilerplate/packages/egg-react-webpack-mpa-boilerplate/node_modules/koa-session/index.js:41:13)
    at dispatch (/Users/zhanggang/Documents/Github/egg-react-webpack-boilerplate/packages/egg-react-webpack-mpa-boilerplate/node_modules/koa/node_modules/koa-compose/index.js:42:32)

pid: 97837
hostname: zhanggangdeMacBook-Pro.local

2024-10-16 14:29:19,238 ERROR 97837 [-/127.0.0.1/-/3ms GET /] nodejs.Error: Please set config.keys first
    at Application.get keys [as keys] (/Users/zhanggang/Documents/Github/egg-react-webpack-boilerplate/packages/egg-react-webpack-mpa-boilerplate/node_modules/egg/lib/application.js:269:15)
    at Object.get cookies [as cookies] (/Users/zhanggang/Documents/Github/egg-react-webpack-boilerplate/packages/egg-react-webpack-mpa-boilerplate/node_modules/egg/app/extend/context.js:23:66)
    at Object.get [egg-security#CSRF_SECRET] (/Users/zhanggang/Documents/Github/egg-react-webpack-boilerplate/packages/egg-react-webpack-mpa-boilerplate/node_modules/egg-security/app/extend/context.js:91:35)
    at Object.ensureCsrfSecret (/Users/zhanggang/Documents/Github/egg-react-webpack-boilerplate/packages/egg-react-webpack-mpa-boilerplate/node_modules/egg-security/app/extend/context.js:104:13)
    at csrf (/Users/zhanggang/Documents/Github/egg-react-webpack-boilerplate/packages/egg-react-webpack-mpa-boilerplate/node_modules/egg-security/lib/middlewares/csrf.js:15:11)
    at dispatch (/Users/zhanggang/Documents/Github/egg-react-webpack-boilerplate/packages/egg-react-webpack-mpa-boilerplate/node_modules/egg-security/node_modules/koa-compose/index.js:42:32)
    at /Users/zhanggang/Documents/Github/egg-react-webpack-boilerplate/packages/egg-react-webpack-mpa-boilerplate/node_modules/egg-security/node_modules/koa-compose/index.js:34:12
    at dispatch (/Users/zhanggang/Documents/Github/egg-react-webpack-boilerplate/packages/egg-react-webpack-mpa-boilerplate/node_modules/koa/node_modules/koa-compose/index.js:42:32)
    at session (/Users/zhanggang/Documents/Github/egg-react-webpack-boilerplate/packages/egg-react-webpack-mpa-boilerplate/node_modules/koa-session/index.js:41:13)
    at dispatch (/Users/zhanggang/Documents/Github/egg-react-webpack-boilerplate/packages/egg-react-webpack-mpa-boilerplate/node_modules/koa/node_modules/koa-compose/index.js:42:32)

pid: 97837
hostname: zhanggangdeMacBook-Pro.local

2024-10-16 14:29:19,547 ERROR 97837 [-/127.0.0.1/-/4ms GET /] nodejs.Error: Please set config.keys first
    at Application.get keys [as keys] (/Users/zhanggang/Documents/Github/egg-react-webpack-boilerplate/packages/egg-react-webpack-mpa-boilerplate/node_modules/egg/lib/application.js:269:15)
    at Object.get cookies [as cookies] (/Users/zhanggang/Documents/Github/egg-react-webpack-boilerplate/packages/egg-react-webpack-mpa-boilerplate/node_modules/egg/app/extend/context.js:23:66)
    at Object.get [egg-security#CSRF_SECRET] (/Users/zhanggang/Documents/Github/egg-react-webpack-boilerplate/packages/egg-react-webpack-mpa-boilerplate/node_modules/egg-security/app/extend/context.js:91:35)
    at Object.ensureCsrfSecret (/Users/zhanggang/Documents/Github/egg-react-webpack-boilerplate/packages/egg-react-webpack-mpa-boilerplate/node_modules/egg-security/app/extend/context.js:104:13)
    at csrf (/Users/zhanggang/Documents/Github/egg-react-webpack-boilerplate/packages/egg-react-webpack-mpa-boilerplate/node_modules/egg-security/lib/middlewares/csrf.js:15:11)
    at dispatch (/Users/zhanggang/Documents/Github/egg-react-webpack-boilerplate/packages/egg-react-webpack-mpa-boilerplate/node_modules/egg-security/node_modules/koa-compose/index.js:42:32)
    at /Users/zhanggang/Documents/Github/egg-react-webpack-boilerplate/packages/egg-react-webpack-mpa-boilerplate/node_modules/egg-security/node_modules/koa-compose/index.js:34:12
    at dispatch (/Users/zhanggang/Documents/Github/egg-react-webpack-boilerplate/packages/egg-react-webpack-mpa-boilerplate/node_modules/koa/node_modules/koa-compose/index.js:42:32)
    at session (/Users/zhanggang/Documents/Github/egg-react-webpack-boilerplate/packages/egg-react-webpack-mpa-boilerplate/node_modules/koa-session/index.js:41:13)
    at dispatch (/Users/zhanggang/Documents/Github/egg-react-webpack-boilerplate/packages/egg-react-webpack-mpa-boilerplate/node_modules/koa/node_modules/koa-compose/index.js:42:32)

pid: 97837
hostname: zhanggangdeMacBook-Pro.local

2024-10-16 14:29:43,737 ERROR 97889 [-/127.0.0.1/-/5ms GET /] nodejs.Error: Please set config.keys first
    at Application.get keys [as keys] (/Users/zhanggang/Documents/Github/egg-react-webpack-boilerplate/packages/egg-react-webpack-mpa-boilerplate/node_modules/egg/lib/application.js:269:15)
    at Object.get cookies [as cookies] (/Users/zhanggang/Documents/Github/egg-react-webpack-boilerplate/packages/egg-react-webpack-mpa-boilerplate/node_modules/egg/app/extend/context.js:23:66)
    at Object.get [egg-security#CSRF_SECRET] (/Users/zhanggang/Documents/Github/egg-react-webpack-boilerplate/packages/egg-react-webpack-mpa-boilerplate/node_modules/egg-security/app/extend/context.js:91:35)
    at Object.ensureCsrfSecret (/Users/zhanggang/Documents/Github/egg-react-webpack-boilerplate/packages/egg-react-webpack-mpa-boilerplate/node_modules/egg-security/app/extend/context.js:104:13)
    at csrf (/Users/zhanggang/Documents/Github/egg-react-webpack-boilerplate/packages/egg-react-webpack-mpa-boilerplate/node_modules/egg-security/lib/middlewares/csrf.js:15:11)
    at dispatch (/Users/zhanggang/Documents/Github/egg-react-webpack-boilerplate/packages/egg-react-webpack-mpa-boilerplate/node_modules/egg-security/node_modules/koa-compose/index.js:42:32)
    at /Users/zhanggang/Documents/Github/egg-react-webpack-boilerplate/packages/egg-react-webpack-mpa-boilerplate/node_modules/egg-security/node_modules/koa-compose/index.js:34:12
    at dispatch (/Users/zhanggang/Documents/Github/egg-react-webpack-boilerplate/packages/egg-react-webpack-mpa-boilerplate/node_modules/koa/node_modules/koa-compose/index.js:42:32)
    at session (/Users/zhanggang/Documents/Github/egg-react-webpack-boilerplate/packages/egg-react-webpack-mpa-boilerplate/node_modules/koa-session/index.js:41:13)
    at dispatch (/Users/zhanggang/Documents/Github/egg-react-webpack-boilerplate/packages/egg-react-webpack-mpa-boilerplate/node_modules/koa/node_modules/koa-compose/index.js:42:32)

pid: 97889
hostname: zhanggangdeMacBook-Pro.local

