2024-10-16 14:29:05,020 INFO 97837 [egg:logger] init all loggers with options: {"dir":"/Users/zhanggang/Documents/Github/egg-react-webpack-boilerplate/packages/egg-react-webpack-mpa-boilerplate/logs/egg-react-webpack-mpa-boilerplate","encoding":"utf8","env":"local","level":"INFO","consoleLevel":"INFO","disableConsoleAfterReady":false,"outputJSON":false,"buffer":true,"appLogName":"egg-react-webpack-mpa-boilerplate-web.log","coreLogName":"egg-web.log","agentLogName":"egg-agent.log","errorLogName":"common-error.log","coreLogger":{"consoleLevel":"WARN"},"allowDebugAtProd":false,"enablePerformanceTimer":false,"type":"application"}
2024-10-16 14:29:05,067 INFO 97837 [egg-multipart] stream mode enable
2024-10-16 14:29:05,172 INFO 97837 [egg-static] starting static serve /public/ -> /Users/zhanggang/Documents/Github/egg-react-webpack-boilerplate/packages/egg-react-webpack-mpa-boilerplate/app/public
2024-10-16 14:29:05,174 INFO 97837 [egg-security] use csrf middleware
2024-10-16 14:29:05,174 INFO 97837 [egg-security] use methodnoallow middleware
2024-10-16 14:29:05,175 INFO 97837 [egg-security] use noopen middleware
2024-10-16 14:29:05,176 INFO 97837 [egg-security] use nosniff middleware
2024-10-16 14:29:05,176 INFO 97837 [egg-security] use xssProtection middleware
2024-10-16 14:29:05,178 INFO 97837 [egg-security] use xframe middleware
2024-10-16 14:29:05,179 INFO 97837 [egg-security] use dta middleware
2024-10-16 14:29:05,179 INFO 97837 [egg-security] compose 7 middlewares into one security middleware
2024-10-16 14:29:05,197 INFO 97837 [egg:core] dump config after load, 7ms
2024-10-16 14:29:05,212 INFO 97837 [egg-watcher:application] watcher start success
2024-10-16 14:29:05,219 INFO 97837 [egg:core] dump config after ready, 4ms
2024-10-16 14:29:37,414 INFO 97889 [egg:logger] init all loggers with options: {"dir":"/Users/zhanggang/Documents/Github/egg-react-webpack-boilerplate/packages/egg-react-webpack-mpa-boilerplate/logs/egg-react-webpack-mpa-boilerplate","encoding":"utf8","env":"local","level":"INFO","consoleLevel":"INFO","disableConsoleAfterReady":false,"outputJSON":false,"buffer":true,"appLogName":"egg-react-webpack-mpa-boilerplate-web.log","coreLogName":"egg-web.log","agentLogName":"egg-agent.log","errorLogName":"common-error.log","coreLogger":{"consoleLevel":"WARN"},"allowDebugAtProd":false,"enablePerformanceTimer":false,"type":"application"}
2024-10-16 14:29:37,466 INFO 97889 [egg-multipart] stream mode enable
2024-10-16 14:29:37,570 INFO 97889 [egg-static] starting static serve /public/ -> /Users/zhanggang/Documents/Github/egg-react-webpack-boilerplate/packages/egg-react-webpack-mpa-boilerplate/app/public
2024-10-16 14:29:37,572 INFO 97889 [egg-security] use csrf middleware
2024-10-16 14:29:37,572 INFO 97889 [egg-security] use methodnoallow middleware
2024-10-16 14:29:37,573 INFO 97889 [egg-security] use noopen middleware
2024-10-16 14:29:37,574 INFO 97889 [egg-security] use nosniff middleware
2024-10-16 14:29:37,575 INFO 97889 [egg-security] use xssProtection middleware
2024-10-16 14:29:37,575 INFO 97889 [egg-security] use xframe middleware
2024-10-16 14:29:37,576 INFO 97889 [egg-security] use dta middleware
2024-10-16 14:29:37,576 INFO 97889 [egg-security] compose 7 middlewares into one security middleware
2024-10-16 14:29:37,595 INFO 97889 [egg:core] dump config after load, 7ms
2024-10-16 14:29:37,611 INFO 97889 [egg-watcher:application] watcher start success
2024-10-16 14:29:37,618 INFO 97889 [egg:core] dump config after ready, 4ms
