2024-10-16 11:54:45,547 INFO 86178 [egg:logger] init all loggers with options: {"dir":"/Users/zhanggang/Documents/Github/egg-react-webpack-boilerplate/packages/egg-react-webpack-mpa-boilerplate/logs","encoding":"utf8","env":"local","level":"INFO","consoleLevel":"DEBUG","disableConsoleAfterReady":false,"outputJSON":false,"buffer":true,"appLogName":"egg-react-webpack-mpa-boilerplate-web.log","coreLogName":"egg-web.log","agentLogName":"egg-agent.log","errorLogName":"common-error.log","coreLogger":{"consoleLevel":"WARN"},"allowDebugAtProd":false,"enablePerformanceTimer":false,"type":"application"}
2024-10-16 11:54:45,641 INFO 86178 [egg-multipart] stream mode enable
2024-10-16 11:54:45,971 INFO 86178 [egg-static] starting static serve /public/ -> /Users/zhanggang/Documents/Github/egg-react-webpack-boilerplate/packages/egg-react-webpack-mpa-boilerplate/public
2024-10-16 11:54:45,974 INFO 86178 [egg-security] use csrf middleware
2024-10-16 11:54:45,975 INFO 86178 [egg-security] use methodnoallow middleware
2024-10-16 11:54:45,976 INFO 86178 [egg-security] use noopen middleware
2024-10-16 11:54:45,976 INFO 86178 [egg-security] use nosniff middleware
2024-10-16 11:54:45,977 INFO 86178 [egg-security] use xssProtection middleware
2024-10-16 11:54:45,977 INFO 86178 [egg-security] use xframe middleware
2024-10-16 11:54:45,978 INFO 86178 [egg-security] use dta middleware
2024-10-16 11:54:45,978 INFO 86178 [egg-security] compose 7 middlewares into one security middleware
2024-10-16 11:54:46,023 INFO 86178 [egg:core] dump config after load, 6ms
2024-10-16 11:54:46,108 INFO 86178 [egg-watcher:application] watcher start success
2024-10-16 11:54:46,127 INFO 86178 [egg:core] dump config after ready, 13ms
2024-10-16 14:30:09,906 INFO 98017 [egg:logger] init all loggers with options: {"dir":"/Users/zhanggang/Documents/Github/egg-react-webpack-boilerplate/packages/egg-react-webpack-mpa-boilerplate/logs","encoding":"utf8","env":"local","level":"INFO","consoleLevel":"DEBUG","disableConsoleAfterReady":false,"outputJSON":false,"buffer":true,"appLogName":"egg-react-webpack-mpa-boilerplate-web.log","coreLogName":"egg-web.log","agentLogName":"egg-agent.log","errorLogName":"common-error.log","coreLogger":{"consoleLevel":"WARN"},"allowDebugAtProd":false,"enablePerformanceTimer":false,"type":"application"}
2024-10-16 14:30:09,958 INFO 98017 [egg-multipart] stream mode enable
2024-10-16 14:30:10,080 INFO 98017 [egg-static] starting static serve /public/ -> /Users/zhanggang/Documents/Github/egg-react-webpack-boilerplate/packages/egg-react-webpack-mpa-boilerplate/public
2024-10-16 14:30:10,082 INFO 98017 [egg-security] use csrf middleware
2024-10-16 14:30:10,082 INFO 98017 [egg-security] use methodnoallow middleware
2024-10-16 14:30:10,083 INFO 98017 [egg-security] use noopen middleware
2024-10-16 14:30:10,083 INFO 98017 [egg-security] use nosniff middleware
2024-10-16 14:30:10,083 INFO 98017 [egg-security] use xssProtection middleware
2024-10-16 14:30:10,084 INFO 98017 [egg-security] use xframe middleware
2024-10-16 14:30:10,085 INFO 98017 [egg-security] use dta middleware
2024-10-16 14:30:10,085 INFO 98017 [egg-security] compose 7 middlewares into one security middleware
2024-10-16 14:30:10,100 INFO 98017 [egg:core] dump config after load, 5ms
2024-10-16 14:30:10,121 INFO 98017 [egg-watcher:application] watcher start success
2024-10-16 14:30:10,130 INFO 98017 [egg:core] dump config after ready, 6ms
2024-10-16 14:32:53,109 INFO 98449 [egg:logger] init all loggers with options: {"dir":"/Users/zhanggang/Documents/Github/share/logs","encoding":"utf8","env":"local","level":"INFO","consoleLevel":"DEBUG","disableConsoleAfterReady":false,"outputJSON":false,"buffer":true,"appLogName":"egg-react-webpack-mpa-boilerplate-web.log","coreLogName":"egg-web.log","agentLogName":"egg-agent.log","errorLogName":"common-error.log","coreLogger":{"consoleLevel":"WARN"},"allowDebugAtProd":false,"enablePerformanceTimer":false,"type":"application"}
2024-10-16 14:32:53,161 INFO 98449 [egg-multipart] stream mode enable
2024-10-16 14:32:53,283 INFO 98449 [egg-static] starting static serve /public/ -> /Users/zhanggang/Documents/Github/share/public
2024-10-16 14:32:53,286 INFO 98449 [egg-security] use csrf middleware
2024-10-16 14:32:53,286 INFO 98449 [egg-security] use methodnoallow middleware
2024-10-16 14:32:53,287 INFO 98449 [egg-security] use noopen middleware
2024-10-16 14:32:53,288 INFO 98449 [egg-security] use nosniff middleware
2024-10-16 14:32:53,288 INFO 98449 [egg-security] use xssProtection middleware
2024-10-16 14:32:53,288 INFO 98449 [egg-security] use xframe middleware
2024-10-16 14:32:53,289 INFO 98449 [egg-security] use dta middleware
2024-10-16 14:32:53,289 INFO 98449 [egg-security] compose 7 middlewares into one security middleware
2024-10-16 14:32:53,309 INFO 98449 [egg:core] dump config after load, 8ms
2024-10-16 14:32:53,336 INFO 98449 [egg-watcher:application] watcher start success
2024-10-16 14:32:53,346 INFO 98449 [egg:core] dump config after ready, 6ms
2024-10-19 18:57:01,231 INFO 41491 [egg:logger] init all loggers with options: {"dir":"/Users/zhanggang/Documents/Github/share/logs","encoding":"utf8","env":"local","level":"INFO","consoleLevel":"DEBUG","disableConsoleAfterReady":false,"outputJSON":false,"buffer":true,"appLogName":"egg-react-webpack-mpa-boilerplate-web.log","coreLogName":"egg-web.log","agentLogName":"egg-agent.log","errorLogName":"common-error.log","coreLogger":{"consoleLevel":"WARN"},"allowDebugAtProd":false,"enablePerformanceTimer":false,"type":"application"}
2024-10-19 18:57:01,281 INFO 41491 [egg-multipart] stream mode enable
2024-10-19 18:57:01,349 INFO 41491 [egg-static] starting static serve /public/ -> /Users/zhanggang/Documents/Github/share/public
2024-10-19 18:57:01,351 INFO 41491 [egg-security] use csrf middleware
2024-10-19 18:57:01,351 INFO 41491 [egg-security] use methodnoallow middleware
2024-10-19 18:57:01,351 INFO 41491 [egg-security] use noopen middleware
2024-10-19 18:57:01,352 INFO 41491 [egg-security] use nosniff middleware
2024-10-19 18:57:01,352 INFO 41491 [egg-security] use xssProtection middleware
2024-10-19 18:57:01,353 INFO 41491 [egg-security] use xframe middleware
2024-10-19 18:57:01,353 INFO 41491 [egg-security] use dta middleware
2024-10-19 18:57:01,353 INFO 41491 [egg-security] compose 7 middlewares into one security middleware
2024-10-19 18:57:01,366 INFO 41491 [egg:core] dump config after load, 7ms
2024-10-19 18:57:01,397 INFO 41491 [egg-watcher:application] watcher start success
2024-10-19 18:57:01,408 INFO 41491 [egg:core] dump config after ready, 6ms
