2024-10-16 11:54:45,638 INFO 86178 [egg-schedule]: register schedule /Users/zhanggang/Documents/Github/egg-react-webpack-boilerplate/packages/egg-react-webpack-mpa-boilerplate/node_modules/egg-multipart/app/schedule/clean_tmpdir.js
2024-10-16 11:54:45,638 INFO 86178 [egg-schedule]: register schedule /Users/zhanggang/Documents/Github/egg-react-webpack-boilerplate/packages/egg-react-webpack-mpa-boilerplate/node_modules/egg-logrotator/app/schedule/clean_log.js
2024-10-16 11:54:45,639 INFO 86178 [egg-schedule]: register schedule /Users/zhanggang/Documents/Github/egg-react-webpack-boilerplate/packages/egg-react-webpack-mpa-boilerplate/node_modules/egg-logrotator/app/schedule/rotate_by_file.js
2024-10-16 11:54:46,150 INFO 86144 [Timer] /Users/zhanggang/Documents/Github/egg-react-webpack-boilerplate/packages/egg-react-webpack-mpa-boilerplate/node_modules/egg-multipart/app/schedule/clean_tmpdir.js next time will execute after 59713862ms at 2024-10-17 04:30:00.012
2024-10-16 11:54:46,153 INFO 86144 [Timer] /Users/zhanggang/Documents/Github/egg-react-webpack-boilerplate/packages/egg-react-webpack-mpa-boilerplate/node_modules/egg-logrotator/app/schedule/clean_log.js next time will execute after 43513850ms at 2024-10-17 00:00:00.003
2024-10-16 11:54:46,156 INFO 86144 [Timer] /Users/zhanggang/Documents/Github/egg-react-webpack-boilerplate/packages/egg-react-webpack-mpa-boilerplate/node_modules/egg-logrotator/app/schedule/rotate_by_file.js next time will execute after 43514847ms at 2024-10-17 00:00:01.003
2024-10-16 14:30:09,956 INFO 98017 [egg-schedule]: register schedule /Users/zhanggang/Documents/Github/egg-react-webpack-boilerplate/packages/egg-react-webpack-mpa-boilerplate/node_modules/egg-multipart/app/schedule/clean_tmpdir.js
2024-10-16 14:30:09,956 INFO 98017 [egg-schedule]: register schedule /Users/zhanggang/Documents/Github/egg-react-webpack-boilerplate/packages/egg-react-webpack-mpa-boilerplate/node_modules/egg-logrotator/app/schedule/clean_log.js
2024-10-16 14:30:09,957 INFO 98017 [egg-schedule]: register schedule /Users/zhanggang/Documents/Github/egg-react-webpack-boilerplate/packages/egg-react-webpack-mpa-boilerplate/node_modules/egg-logrotator/app/schedule/rotate_by_file.js
2024-10-16 14:30:10,147 INFO 98010 [Timer] /Users/zhanggang/Documents/Github/egg-react-webpack-boilerplate/packages/egg-react-webpack-mpa-boilerplate/node_modules/egg-multipart/app/schedule/clean_tmpdir.js next time will execute after 50389858ms at 2024-10-17 04:30:00.004
2024-10-16 14:30:10,149 INFO 98010 [Timer] /Users/zhanggang/Documents/Github/egg-react-webpack-boilerplate/packages/egg-react-webpack-mpa-boilerplate/node_modules/egg-logrotator/app/schedule/clean_log.js next time will execute after 34189853ms at 2024-10-17 00:00:00.002
2024-10-16 14:30:10,150 INFO 98010 [Timer] /Users/zhanggang/Documents/Github/egg-react-webpack-boilerplate/packages/egg-react-webpack-mpa-boilerplate/node_modules/egg-logrotator/app/schedule/rotate_by_file.js next time will execute after 34190851ms at 2024-10-17 00:00:01.001
2024-10-16 14:32:53,356 INFO 98442 [Timer] /Users/zhanggang/Documents/Github/share/node_modules/egg-multipart/app/schedule/clean_tmpdir.js next time will execute after 50226650ms at 2024-10-17 04:30:00.006
2024-10-16 14:32:53,360 INFO 98442 [Timer] /Users/zhanggang/Documents/Github/share/node_modules/egg-logrotator/app/schedule/clean_log.js next time will execute after 34026643ms at 2024-10-17 00:00:00.003
2024-10-16 14:32:53,363 INFO 98442 [Timer] /Users/zhanggang/Documents/Github/share/node_modules/egg-logrotator/app/schedule/rotate_by_file.js next time will execute after 34027639ms at 2024-10-17 00:00:01.002
2024-10-16 14:32:53,160 INFO 98449 [egg-schedule]: register schedule /Users/zhanggang/Documents/Github/share/node_modules/egg-multipart/app/schedule/clean_tmpdir.js
2024-10-16 14:32:53,160 INFO 98449 [egg-schedule]: register schedule /Users/zhanggang/Documents/Github/share/node_modules/egg-logrotator/app/schedule/clean_log.js
2024-10-16 14:32:53,160 INFO 98449 [egg-schedule]: register schedule /Users/zhanggang/Documents/Github/share/node_modules/egg-logrotator/app/schedule/rotate_by_file.js
2024-10-19 18:57:01,419 INFO 41479 [Timer] /Users/zhanggang/Documents/Github/share/node_modules/egg-multipart/app/schedule/clean_tmpdir.js next time will execute after 34378588ms at 2024-10-20 04:30:00.006
2024-10-19 18:57:01,421 INFO 41479 [Timer] /Users/zhanggang/Documents/Github/share/node_modules/egg-logrotator/app/schedule/clean_log.js next time will execute after 18178581ms at 2024-10-20 00:00:00.002
2024-10-19 18:57:01,423 INFO 41479 [Timer] /Users/zhanggang/Documents/Github/share/node_modules/egg-logrotator/app/schedule/rotate_by_file.js next time will execute after 18179579ms at 2024-10-20 00:00:01.002
2024-10-19 18:57:01,279 INFO 41491 [egg-schedule]: register schedule /Users/zhanggang/Documents/Github/share/node_modules/egg-multipart/app/schedule/clean_tmpdir.js
2024-10-19 18:57:01,279 INFO 41491 [egg-schedule]: register schedule /Users/zhanggang/Documents/Github/share/node_modules/egg-logrotator/app/schedule/clean_log.js
2024-10-19 18:57:01,280 INFO 41491 [egg-schedule]: register schedule /Users/zhanggang/Documents/Github/share/node_modules/egg-logrotator/app/schedule/rotate_by_file.js
